0 info it worked if it ends with ok
1 verbose cli [ '/usr/bin/node', '/usr/bin/npm', 'run', 'mock' ]
2 info using npm@3.5.2
3 info using node@v8.10.0
4 verbose run-script [ 'premock', 'mock', 'postmock' ]
5 info lifecycle kimandreaswedding@1.0.0~premock: kimandreaswedding@1.0.0
6 silly lifecycle kimandreaswedding@1.0.0~premock: no script for premock, continuing
7 info lifecycle kimandreaswedding@1.0.0~mock: kimandreaswedding@1.0.0
8 verbose lifecycle kimandreaswedding@1.0.0~mock: unsafe-perm in lifecycle true
9 verbose lifecycle kimandreaswedding@1.0.0~mock: PATH: /usr/share/npm/bin/node-gyp-bin:/home/kim/repos/KimAndreasWedding/node_modules/.bin:/usr/local/sbin:/usr/local/bin:/usr/sbin:/usr/bin:/sbin:/bin:/usr/games:/usr/local/games:/snap/bin:/usr/local/go/bin:/home/kim/repos/go/bin:/home/kim/repos/go/bin:/usr/local/lib/node_modules
10 verbose lifecycle kimandreaswedding@1.0.0~mock: CWD: /home/kim/repos/KimAndreasWedding
11 silly lifecycle kimandreaswedding@1.0.0~mock: Args: [ '-c', 'mockserver -p 9000 -m ./mocks' ]
12 silly lifecycle kimandreaswedding@1.0.0~mock: Returned: code: 1  signal: null
13 info lifecycle kimandreaswedding@1.0.0~mock: Failed to exec mock script
14 verbose stack Error: kimandreaswedding@1.0.0 mock: `mockserver -p 9000 -m ./mocks`
14 verbose stack Exit status 1
14 verbose stack     at EventEmitter.<anonymous> (/usr/share/npm/lib/utils/lifecycle.js:232:16)
14 verbose stack     at emitTwo (events.js:126:13)
14 verbose stack     at EventEmitter.emit (events.js:214:7)
14 verbose stack     at ChildProcess.<anonymous> (/usr/share/npm/lib/utils/spawn.js:24:14)
14 verbose stack     at emitTwo (events.js:126:13)
14 verbose stack     at ChildProcess.emit (events.js:214:7)
14 verbose stack     at maybeClose (internal/child_process.js:925:16)
14 verbose stack     at Process.ChildProcess._handle.onexit (internal/child_process.js:209:5)
15 verbose pkgid kimandreaswedding@1.0.0
16 verbose cwd /home/kim/repos/KimAndreasWedding
17 error Linux 4.18.0-24-generic
18 error argv "/usr/bin/node" "/usr/bin/npm" "run" "mock"
19 error node v8.10.0
20 error npm  v3.5.2
21 error code ELIFECYCLE
22 error kimandreaswedding@1.0.0 mock: `mockserver -p 9000 -m ./mocks`
22 error Exit status 1
23 error Failed at the kimandreaswedding@1.0.0 mock script 'mockserver -p 9000 -m ./mocks'.
23 error Make sure you have the latest version of node.js and npm installed.
23 error If you do, this is most likely a problem with the kimandreaswedding package,
23 error not with npm itself.
23 error Tell the author that this fails on your system:
23 error     mockserver -p 9000 -m ./mocks
23 error You can get information on how to open an issue for this project with:
23 error     npm bugs kimandreaswedding
23 error Or if that isn't available, you can get their info via:
23 error     npm owner ls kimandreaswedding
23 error There is likely additional logging output above.
24 verbose exit [ 1, true ]
